Initializing device...

--- Computing Configuration ---
Platform: Linux 4.18.0-477.27.1.el8_8.x86_64
Python version: 3.10.4
CUDA available: True
CUDA device count: 1
CUDA device name: NVIDIA L40S
CUDA device capability: (8, 9)
CUDA memory allocated: 0.00 GB
CUDA memory reserved: 0.00 GB
torch version: 2.7.1+cu126
Number of CPUs: 64
Physical CPU cores: 64
OMP_NUM_THREADS: 1
MKL_NUM_THREADS: 1
OPENBLAS_NUM_THREADS: 1
TORCH_NUM_THREADS: 1
N_WORKERS: 16
PARALLEL_BACKEND: thread
--------------------------------

Using device: cuda
Preparing model and data loader...
Number of samples: 350640
Using every 2'th sample for evaluation...
Using random subset of 50 samples (seed=42)
Materializing input batches...
Preparing standardized reference tensor...
Loading precomputed standardized ERA5 tensor...
Estimating safe chunk size...
Safe chunk size determined: 256 samples per batch
Commencing ABC-Gibbs inference with RFP perturbations...
[device warm‑up] outer batch = 220

[Gibbs step 1/50]
 z500  α*=1.286  jointCRPS= 0.2207
 t850  α*=0.636  jointCRPS= 0.2189
 t2m   α*=1.088  jointCRPS= 0.2184
 u10   α*=1.126  jointCRPS= 0.2197
 v10   α*=0.325  jointCRPS= 0.2173
⇒ mean joint CRPS (all vars) = 0.2190

[Gibbs step 2/50]
 z500  α*=1.196  jointCRPS= 0.2128
 t850  α*=0.484  jointCRPS= 0.2099
 t2m   α*=1.010  jointCRPS= 0.2079
 u10   α*=1.068  jointCRPS= 0.2051
 v10   α*=0.213  jointCRPS= 0.2053
⇒ mean joint CRPS (all vars) = 0.2082

[Gibbs step 3/50]
 z500  α*=1.191  jointCRPS= 0.2066
 t850  α*=0.381  jointCRPS= 0.2018
 t2m   α*=0.947  jointCRPS= 0.2005
 u10   α*=0.998  jointCRPS= 0.2000
 v10   α*=0.149  jointCRPS= 0.1983
⇒ mean joint CRPS (all vars) = 0.2015

[Gibbs step 4/50]
 z500  α*=1.114  jointCRPS= 0.1918
 t850  α*=0.317  jointCRPS= 0.1917
 t2m   α*=0.906  jointCRPS= 0.1912
 u10   α*=0.883  jointCRPS= 0.1867
 v10   α*=0.097  jointCRPS= 0.1842
⇒ mean joint CRPS (all vars) = 0.1891

[Gibbs step 5/50]
 z500  α*=1.015  jointCRPS= 0.1785
 t850  α*=0.268  jointCRPS= 0.1776
 t2m   α*=0.864  jointCRPS= 0.1770
 u10   α*=0.851  jointCRPS= 0.1752
 v10   α*=0.117  jointCRPS= 0.1742
⇒ mean joint CRPS (all vars) = 0.1765

[Gibbs step 6/50]
[adapt] proposal σ -> 0.043
 z500  α*=1.014  jointCRPS= 0.1752
 t850  α*=0.228  jointCRPS= 0.1738
 t2m   α*=0.838  jointCRPS= 0.1750
 u10   α*=0.844  jointCRPS= 0.1737
 v10   α*=0.064  jointCRPS= 0.1728
⇒ mean joint CRPS (all vars) = 0.1741

[Gibbs step 7/50]
 z500  α*=0.973  jointCRPS= 0.1693
 t850  α*=0.170  jointCRPS= 0.1685
 t2m   α*=0.767  jointCRPS= 0.1656
 u10   α*=0.808  jointCRPS= 0.1655
 v10   α*=0.021  jointCRPS= 0.1638
⇒ mean joint CRPS (all vars) = 0.1665

[Gibbs step 8/50]
 z500  α*=0.906  jointCRPS= 0.1600
 t850  α*=0.166  jointCRPS= 0.1606
 t2m   α*=0.689  jointCRPS= 0.1571
 u10   α*=0.790  jointCRPS= 0.1576
 v10   α*=0.000  jointCRPS= 0.1570
⇒ mean joint CRPS (all vars) = 0.1584

[Gibbs step 9/50]
 z500  α*=0.850  jointCRPS= 0.1524
 t850  α*=0.121  jointCRPS= 0.1523
 t2m   α*=0.588  jointCRPS= 0.1494
 u10   α*=0.761  jointCRPS= 0.1484
 v10   α*=0.000  jointCRPS= 0.1479
⇒ mean joint CRPS (all vars) = 0.1501

[Gibbs step 10/50]
 z500  α*=0.777  jointCRPS= 0.1422
 t850  α*=0.064  jointCRPS= 0.1415
 t2m   α*=0.580  jointCRPS= 0.1404
 u10   α*=0.739  jointCRPS= 0.1396
 v10   α*=0.000  jointCRPS= 0.1409
⇒ mean joint CRPS (all vars) = 0.1409

[Gibbs step 11/50]
[adapt] proposal σ -> 0.036
 z500  α*=0.758  jointCRPS= 0.1387
 t850  α*=0.003  jointCRPS= 0.1385
 t2m   α*=0.554  jointCRPS= 0.1384
 u10   α*=0.681  jointCRPS= 0.1353
 v10   α*=0.000  jointCRPS= 0.1360
⇒ mean joint CRPS (all vars) = 0.1374

[Gibbs step 12/50]
 z500  α*=0.640  jointCRPS= 0.1250
 t850  α*=0.000  jointCRPS= 0.1260
 t2m   α*=0.499  jointCRPS= 0.1244
 u10   α*=0.635  jointCRPS= 0.1222
 v10   α*=0.000  jointCRPS= 0.1225
⇒ mean joint CRPS (all vars) = 0.1240

[Gibbs step 13/50]
 z500  α*=0.625  jointCRPS= 0.1208
 t850  α*=0.000  jointCRPS= 0.1205
 t2m   α*=0.477  jointCRPS= 0.1204
 u10   α*=0.595  jointCRPS= 0.1186
 v10   α*=0.000  jointCRPS= 0.1192
⇒ mean joint CRPS (all vars) = 0.1199

[Gibbs step 14/50]
 z500  α*=0.548  jointCRPS= 0.1118
 t850  α*=0.000  jointCRPS= 0.1116
 t2m   α*=0.448  jointCRPS= 0.1114
 u10   α*=0.592  jointCRPS= 0.1111
 v10   α*=0.000  jointCRPS= 0.1112
⇒ mean joint CRPS (all vars) = 0.1114

[Gibbs step 15/50]
 z500  α*=0.482  jointCRPS= 0.1059
 t850  α*=0.000  jointCRPS= 0.1057
 t2m   α*=0.453  jointCRPS= 0.1059
 u10   α*=0.554  jointCRPS= 0.1048
 v10   α*=0.000  jointCRPS= 0.1042
⇒ mean joint CRPS (all vars) = 0.1053

[Gibbs step 16/50]
[adapt] proposal σ -> 0.031
 z500  α*=0.456  jointCRPS= 0.1025
 t850  α*=0.000  jointCRPS= 0.1019
 t2m   α*=0.441  jointCRPS= 0.1020
 u10   α*=0.526  jointCRPS= 0.1013
 v10   α*=0.000  jointCRPS= 0.1007
⇒ mean joint CRPS (all vars) = 0.1017

[Gibbs step 17/50]
 z500  α*=0.427  jointCRPS= 0.0989
 t850  α*=0.000  jointCRPS= 0.0986
 t2m   α*=0.431  jointCRPS= 0.0987
 u10   α*=0.491  jointCRPS= 0.0972
 v10   α*=0.000  jointCRPS= 0.0970
⇒ mean joint CRPS (all vars) = 0.0981

[Gibbs step 18/50]
 z500  α*=0.429  jointCRPS= 0.0972
 t850  α*=0.000  jointCRPS= 0.0970
 t2m   α*=0.368  jointCRPS= 0.0958
 u10   α*=0.443  jointCRPS= 0.0938
 v10   α*=0.000  jointCRPS= 0.0936
⇒ mean joint CRPS (all vars) = 0.0955

[Gibbs step 19/50]
 z500  α*=0.379  jointCRPS= 0.0901
 t850  α*=0.000  jointCRPS= 0.0899
 t2m   α*=0.326  jointCRPS= 0.0892
 u10   α*=0.400  jointCRPS= 0.0881
 v10   α*=0.000  jointCRPS= 0.0876
⇒ mean joint CRPS (all vars) = 0.0890

[Gibbs step 20/50]
 z500  α*=0.355  jointCRPS= 0.0862
 t850  α*=0.000  jointCRPS= 0.0858
 t2m   α*=0.266  jointCRPS= 0.0845
 u10   α*=0.376  jointCRPS= 0.0841
 v10   α*=0.000  jointCRPS= 0.0837
⇒ mean joint CRPS (all vars) = 0.0849

[Gibbs step 21/50]
[adapt] proposal σ -> 0.026
 z500  α*=0.335  jointCRPS= 0.0826
 t850  α*=0.000  jointCRPS= 0.0821
 t2m   α*=0.213  jointCRPS= 0.0811
 u10   α*=0.339  jointCRPS= 0.0799
 v10   α*=0.000  jointCRPS= 0.0803
⇒ mean joint CRPS (all vars) = 0.0812

[Gibbs step 22/50]
 z500  α*=0.338  jointCRPS= 0.0802
 t850  α*=0.000  jointCRPS= 0.0801
 t2m   α*=0.198  jointCRPS= 0.0803
 u10   α*=0.322  jointCRPS= 0.0794
 v10   α*=0.000  jointCRPS= 0.0796
⇒ mean joint CRPS (all vars) = 0.0799

[Gibbs step 23/50]
 z500  α*=0.309  jointCRPS= 0.0774
 t850  α*=0.000  jointCRPS= 0.0774
 t2m   α*=0.201  jointCRPS= 0.0775
 u10   α*=0.284  jointCRPS= 0.0764
 v10   α*=0.000  jointCRPS= 0.0760
⇒ mean joint CRPS (all vars) = 0.0769

[Gibbs step 24/50]
 z500  α*=0.311  jointCRPS= 0.0764
 t850  α*=0.000  jointCRPS= 0.0762
 t2m   α*=0.193  jointCRPS= 0.0760
 u10   α*=0.248  jointCRPS= 0.0753
 v10   α*=0.000  jointCRPS= 0.0753
⇒ mean joint CRPS (all vars) = 0.0759

[Gibbs step 25/50]
 z500  α*=0.292  jointCRPS= 0.0739
 t850  α*=0.004  jointCRPS= 0.0741
 t2m   α*=0.156  jointCRPS= 0.0734
 u10   α*=0.170  jointCRPS= 0.0715
 v10   α*=0.000  jointCRPS= 0.0717
⇒ mean joint CRPS (all vars) = 0.0729

[Gibbs step 26/50]
[adapt] proposal σ -> 0.022
 z500  α*=0.269  jointCRPS= 0.0704
 t850  α*=0.017  jointCRPS= 0.0700
 t2m   α*=0.138  jointCRPS= 0.0697
 u10   α*=0.147  jointCRPS= 0.0697
 v10   α*=0.000  jointCRPS= 0.0693
⇒ mean joint CRPS (all vars) = 0.0698

[Gibbs step 27/50]
 z500  α*=0.271  jointCRPS= 0.0696
 t850  α*=0.009  jointCRPS= 0.0693
 t2m   α*=0.095  jointCRPS= 0.0688
 u10   α*=0.102  jointCRPS= 0.0684
 v10   α*=0.000  jointCRPS= 0.0682
⇒ mean joint CRPS (all vars) = 0.0688

[Gibbs step 28/50]
 z500  α*=0.248  jointCRPS= 0.0668
 t850  α*=0.028  jointCRPS= 0.0666
 t2m   α*=0.047  jointCRPS= 0.0666
 u10   α*=0.086  jointCRPS= 0.0662
 v10   α*=0.000  jointCRPS= 0.0664
⇒ mean joint CRPS (all vars) = 0.0665

[Gibbs step 29/50]
 z500  α*=0.187  jointCRPS= 0.0629
 t850  α*=0.040  jointCRPS= 0.0627
 t2m   α*=0.047  jointCRPS= 0.0628
 u10   α*=0.080  jointCRPS= 0.0628
 v10   α*=0.000  jointCRPS= 0.0627
⇒ mean joint CRPS (all vars) = 0.0628

[Gibbs step 30/50]
 z500  α*=0.175  jointCRPS= 0.0623
 t850  α*=0.028  jointCRPS= 0.0623
 t2m   α*=0.065  jointCRPS= 0.0622
 u10   α*=0.047  jointCRPS= 0.0622
 v10   α*=0.000  jointCRPS= 0.0622
⇒ mean joint CRPS (all vars) = 0.0622

[Gibbs step 31/50]
[adapt] proposal σ -> 0.019
 z500  α*=0.152  jointCRPS= 0.0613
 t850  α*=0.031  jointCRPS= 0.0612
 t2m   α*=0.053  jointCRPS= 0.0613
 u10   α*=0.054  jointCRPS= 0.0613
 v10   α*=0.025  jointCRPS= 0.0612
⇒ mean joint CRPS (all vars) = 0.0613

[Gibbs step 32/50]
 z500  α*=0.122  jointCRPS= 0.0603
 t850  α*=0.060  jointCRPS= 0.0601
 t2m   α*=0.058  jointCRPS= 0.0602
 u10   α*=0.071  jointCRPS= 0.0602
 v10   α*=0.035  jointCRPS= 0.0601
⇒ mean joint CRPS (all vars) = 0.0602

[Gibbs step 33/50]
 z500  α*=0.078  jointCRPS= 0.0590
 t850  α*=0.064  jointCRPS= 0.0591
 t2m   α*=0.060  jointCRPS= 0.0590
 u10   α*=0.096  jointCRPS= 0.0588
 v10   α*=0.050  jointCRPS= 0.0585
⇒ mean joint CRPS (all vars) = 0.0589

[Gibbs step 34/50]
 z500  α*=0.056  jointCRPS= 0.0583
 t850  α*=0.072  jointCRPS= 0.0581
 t2m   α*=0.059  jointCRPS= 0.0582
 u10   α*=0.107  jointCRPS= 0.0581
 v10   α*=0.068  jointCRPS= 0.0577
⇒ mean joint CRPS (all vars) = 0.0581

[Gibbs step 35/50]
 z500  α*=0.040  jointCRPS= 0.0576
 t850  α*=0.068  jointCRPS= 0.0576
 t2m   α*=0.068  jointCRPS= 0.0575
 u10   α*=0.122  jointCRPS= 0.0574
 v10   α*=0.066  jointCRPS= 0.0575
⇒ mean joint CRPS (all vars) = 0.0575

[Gibbs step 36/50]
[adapt] proposal σ -> 0.016
 z500  α*=0.024  jointCRPS= 0.0574
 t850  α*=0.075  jointCRPS= 0.0575
 t2m   α*=0.062  jointCRPS= 0.0574
 u10   α*=0.141  jointCRPS= 0.0573
 v10   α*=0.095  jointCRPS= 0.0569
⇒ mean joint CRPS (all vars) = 0.0573

[Gibbs step 37/50]
 z500  α*=0.023  jointCRPS= 0.0569
 t850  α*=0.065  jointCRPS= 0.0569
 t2m   α*=0.058  jointCRPS= 0.0568
 u10   α*=0.148  jointCRPS= 0.0569
 v10   α*=0.103  jointCRPS= 0.0569
⇒ mean joint CRPS (all vars) = 0.0569

[Gibbs step 38/50]
 z500  α*=0.025  jointCRPS= 0.0569
 t850  α*=0.072  jointCRPS= 0.0569
 t2m   α*=0.062  jointCRPS= 0.0569
 u10   α*=0.137  jointCRPS= 0.0569
 v10   α*=0.119  jointCRPS= 0.0568
⇒ mean joint CRPS (all vars) = 0.0569

[Gibbs step 39/50]
 z500  α*=0.023  jointCRPS= 0.0567
 t850  α*=0.069  jointCRPS= 0.0567
 t2m   α*=0.060  jointCRPS= 0.0567
 u10   α*=0.120  jointCRPS= 0.0568
 v10   α*=0.136  jointCRPS= 0.0567
⇒ mean joint CRPS (all vars) = 0.0567

[Gibbs step 40/50]
 z500  α*=0.031  jointCRPS= 0.0567
 t850  α*=0.065  jointCRPS= 0.0567
 t2m   α*=0.057  jointCRPS= 0.0567
 u10   α*=0.125  jointCRPS= 0.0567
 v10   α*=0.148  jointCRPS= 0.0567
⇒ mean joint CRPS (all vars) = 0.0567

[Gibbs step 41/50]
[adapt] proposal σ -> 0.014
 z500  α*=0.020  jointCRPS= 0.0566
 t850  α*=0.066  jointCRPS= 0.0566
 t2m   α*=0.059  jointCRPS= 0.0565
 u10   α*=0.120  jointCRPS= 0.0565
 v10   α*=0.147  jointCRPS= 0.0566
⇒ mean joint CRPS (all vars) = 0.0566

[Gibbs step 42/50]
 z500  α*=0.022  jointCRPS= 0.0566
 t850  α*=0.071  jointCRPS= 0.0567
 t2m   α*=0.060  jointCRPS= 0.0566
 u10   α*=0.117  jointCRPS= 0.0566
 v10   α*=0.151  jointCRPS= 0.0566
⇒ mean joint CRPS (all vars) = 0.0566

[Gibbs step 43/50]
 z500  α*=0.015  jointCRPS= 0.0567
 t850  α*=0.071  jointCRPS= 0.0566
 t2m   α*=0.059  jointCRPS= 0.0567
 u10   α*=0.123  jointCRPS= 0.0566
 v10   α*=0.149  jointCRPS= 0.0567
⇒ mean joint CRPS (all vars) = 0.0566

[Gibbs step 44/50]
 z500  α*=0.014  jointCRPS= 0.0566
 t850  α*=0.067  jointCRPS= 0.0566
 t2m   α*=0.058  jointCRPS= 0.0567
 u10   α*=0.125  jointCRPS= 0.0568
 v10   α*=0.152  jointCRPS= 0.0566
⇒ mean joint CRPS (all vars) = 0.0567

[Gibbs step 45/50]
 z500  α*=0.018  jointCRPS= 0.0566
 t850  α*=0.064  jointCRPS= 0.0567
 t2m   α*=0.065  jointCRPS= 0.0566
 u10   α*=0.116  jointCRPS= 0.0566
 v10   α*=0.148  jointCRPS= 0.0566
⇒ mean joint CRPS (all vars) = 0.0566

[Gibbs step 46/50]
[adapt] proposal σ -> 0.012
 z500  α*=0.023  jointCRPS= 0.0567
 t850  α*=0.061  jointCRPS= 0.0566
 t2m   α*=0.068  jointCRPS= 0.0566
 u10   α*=0.115  jointCRPS= 0.0566
 v10   α*=0.152  jointCRPS= 0.0566
⇒ mean joint CRPS (all vars) = 0.0566

[Gibbs step 47/50]
 z500  α*=0.026  jointCRPS= 0.0567
 t850  α*=0.063  jointCRPS= 0.0566
 t2m   α*=0.055  jointCRPS= 0.0566
 u10   α*=0.115  jointCRPS= 0.0567
 v10   α*=0.140  jointCRPS= 0.0567
⇒ mean joint CRPS (all vars) = 0.0567

[Gibbs step 48/50]
 z500  α*=0.021  jointCRPS= 0.0566
 t850  α*=0.068  jointCRPS= 0.0567
 t2m   α*=0.064  jointCRPS= 0.0566
 u10   α*=0.128  jointCRPS= 0.0566
 v10   α*=0.137  jointCRPS= 0.0566
⇒ mean joint CRPS (all vars) = 0.0566

[Gibbs step 49/50]
 z500  α*=0.017  jointCRPS= 0.0566
 t850  α*=0.067  jointCRPS= 0.0567
 t2m   α*=0.062  jointCRPS= 0.0567
 u10   α*=0.132  jointCRPS= 0.0566
 v10   α*=0.143  jointCRPS= 0.0565
⇒ mean joint CRPS (all vars) = 0.0566

[Gibbs step 50/50]
 z500  α*=0.019  jointCRPS= 0.0566
 t850  α*=0.066  jointCRPS= 0.0566
 t2m   α*=0.057  jointCRPS= 0.0566
 u10   α*=0.126  jointCRPS= 0.0567
 v10   α*=0.144  jointCRPS= 0.0566
⇒ mean joint CRPS (all vars) = 0.0566
Saving posterior results...
Releasing memory before plotting...
Generating posterior plots...
Final posterior parameter summary:

Posterior parameter moments:
---------------------------
z500:
  alpha_scale: mu = +0.3784, sigma_square = 1.4635e-01
t850:
  alpha_scale: mu = +0.0854, sigma_square = 1.6193e-02
t2m:
  alpha_scale: mu = +0.3019, sigma_square = 9.4731e-02
u10:
  alpha_scale: mu = +0.3665, sigma_square = 9.8439e-02
v10:
  alpha_scale: mu = +0.0659, sigma_square = 5.7004e-03
ABC-Gibbs with RFP complete.
